2023-06-21 13:34:56,648 - custom_logger - INFO - Heartbeat event sent
2023-06-21 13:35:16,648 - custom_logger - INFO - Heartbeat event sent
2023-06-21 13:35:24,646 - custom_logger - INFO - process_prompt: 
Generate a wand. It is 5 dollars.

2023-06-21 13:35:28,604 - custom_logger - INFO - jsonformer_generate: {'id': 1}
2023-06-21 13:35:31,468 - custom_logger - INFO - jsonformer_generate: {'name': 'wand'}
2023-06-21 13:35:35,861 - custom_logger - INFO - jsonformer_generate: {'description': 'Generate a wand. It is 5 dollars.'}
2023-06-21 13:35:36,649 - custom_logger - INFO - Heartbeat event sent
2023-06-21 13:35:38,690 - custom_logger - INFO - jsonformer_generate: {'category': 'wand'}
2023-06-21 13:35:54,979 - custom_logger - INFO - jsonformer_generate: {'imageUrl': 'https://avatars2.githubusercontent.com/u/62365?u=7dc9e8e4c5b4e8bbc7c8d0b3ab6c26a4d&v=4'}
2023-06-21 13:35:56,650 - custom_logger - INFO - Heartbeat event sent
2023-06-21 13:35:58,376 - custom_logger - INFO - jsonformer_generate: {'price': 5.0}
2023-06-21 13:36:32,269 - custom_logger - INFO - Heartbeat event sent
2023-06-21 13:36:51,243 - custom_logger - INFO - process_prompt: 
Generate a wand. It is 5 dollars.

2023-06-21 13:36:52,270 - custom_logger - INFO - Heartbeat event sent
2023-06-21 13:36:55,080 - custom_logger - INFO - jsonformer_generate: {'id': 1}
2023-06-21 13:36:57,776 - custom_logger - INFO - jsonformer_generate: {'name': 'wand'}
2023-06-21 13:37:01,938 - custom_logger - INFO - jsonformer_generate: {'description': 'Generate a wand. It is 5 dollars.'}
2023-06-21 13:37:04,888 - custom_logger - INFO - jsonformer_generate: {'category': 'wand'}
2023-06-21 13:37:12,270 - custom_logger - INFO - Heartbeat event sent
2023-06-21 13:37:21,380 - custom_logger - INFO - jsonformer_generate: {'imageUrl': 'https://avatars2.githubusercontent.com/u/62365?u=7dc9e8e4c5b4e8bbc7c8d0b3ab6c26a4d&v=4'}
2023-06-21 13:37:25,115 - custom_logger - INFO - jsonformer_generate: {'price': 5.0}
